1504364057301	geckodriver	INFO	geckodriver 0.18.0
1504364057310	geckodriver	INFO	Listening on 127.0.0.1:49556
1504364058399	geckodriver::marionette	INFO	Starting browser /Applications/Firefox.app/Contents/MacOS/firefox-bin with args ["-marionette"]
1504364060117	Marionette	INFO	Listening on port 49565
1504364060175	Marionette	WARN	TLS certificate errors will be ignored for this session
1504364060336	Marionette	DEBUG	loaded listener.js
1504364060358	Marionette	DEBUG	Received DOM event "beforeunload" for "about:blank"
2017-09-02 22:54:20.398 plugin-container[804:19018] *** CFMessagePort: bootstrap_register(): failed 1100 (0x44c) 'Permission denied', port = 0x913b, name = 'com.apple.tsm.portname'
See /usr/include/servers/bootstrap_defs.h for the error codes.
2017-09-02 22:54:20.399 plugin-container[804:19018] *** CFMessagePort: bootstrap_register(): failed 1100 (0x44c) 'Permission denied', port = 0x9403, name = 'com.apple.CFPasteboardClient'
See /usr/include/servers/bootstrap_defs.h for the error codes.
1504364060651	Marionette	DEBUG	Received DOM event "pagehide" for "about:blank"
1504364060651	Marionette	DEBUG	Received DOM event "unload" for "about:blank"
1504364061148	Marionette	DEBUG	Received DOM event "DOMContentLoaded" for "https://www.python.org/"
1504364061196	Marionette	DEBUG	Received DOM event "pageshow" for "https://www.python.org/"
[GFX1-]: Receive IPC close with reason=AbnormalShutdown
1504364069926	geckodriver	INFO	geckodriver 0.18.0
1504364069929	geckodriver	INFO	Listening on 127.0.0.1:49627
1504364070974	geckodriver::marionette	INFO	Starting browser /Applications/Firefox.app/Contents/MacOS/firefox-bin with args ["-marionette"]
1504364072380	Marionette	INFO	Listening on port 49636
1504364072430	Marionette	WARN	TLS certificate errors will be ignored for this session
1504364072599	Marionette	DEBUG	loaded listener.js
1504364072621	Marionette	DEBUG	Received DOM event "beforeunload" for "about:blank"
2017-09-02 22:54:32.655 plugin-container[808:19640] *** CFMessagePort: bootstrap_register(): failed 1100 (0x44c) 'Permission denied', port = 0x913b, name = 'com.apple.tsm.portname'
See /usr/include/servers/bootstrap_defs.h for the error codes.
2017-09-02 22:54:32.655 plugin-container[808:19640] *** CFMessagePort: bootstrap_register(): failed 1100 (0x44c) 'Permission denied', port = 0x9403, name = 'com.apple.CFPasteboardClient'
See /usr/include/servers/bootstrap_defs.h for the error codes.
1504364072739	Marionette	DEBUG	Received DOM event "pagehide" for "about:blank"
1504364072739	Marionette	DEBUG	Received DOM event "unload" for "about:blank"
1504364073178	Marionette	DEBUG	Received DOM event "DOMContentLoaded" for "https://www.python.org/"
1504364073226	Marionette	DEBUG	Received DOM event "pageshow" for "https://www.python.org/"
1504532588861	geckodriver	INFO	geckodriver 0.18.0
1504532588867	geckodriver	INFO	Listening on 127.0.0.1:50191
1504532589942	geckodriver::marionette	INFO	Starting browser /Applications/Firefox.app/Contents/MacOS/firefox-bin with args ["-marionette"]
1504532590354	addons.xpi	WARN	Error parsing extensions state: [Exception... "Component returned failure code: 0x80520012 (NS_ERROR_FILE_NOT_FOUND) [amIAddonManagerStartup.readStartupData]"  nsresult: "0x80520012 (NS_ERROR_FILE_NOT_FOUND)"  location: "JS frame :: resource://gre/modules/addons/XPIProvider.jsm :: loadExtensionState :: line 1596"  data: no] Stack trace: loadExtensionState()@resource://gre/modules/addons/XPIProvider.jsm:1596 < getInstallState()@resource://gre/modules/addons/XPIProvider.jsm:1631 < checkForChanges()@resource://gre/modules/addons/XPIProvider.jsm:3152 < startup()@resource://gre/modules/addons/XPIProvider.jsm:2246 < callProvider()@resource://gre/modules/AddonManager.jsm:271 < _startProvider()@resource://gre/modules/AddonManager.jsm:741 < startup()@resource://gre/modules/AddonManager.jsm:908 < startup()@resource://gre/modules/AddonManager.jsm:3122 < observe()@jar:file:///Applications/Firefox.app/Contents/Resources/omni.ja!/components/addonManager.js:65
1504532590638	Marionette	INFO	Enabled via --marionette
2017-09-04 21:43:11.679 plugin-container[1438:61349] *** CFMessagePort: bootstrap_register(): failed 1100 (0x44c) 'Permission denied', port = 0xa23b, name = 'com.apple.tsm.portname'
See /usr/include/servers/bootstrap_defs.h for the error codes.
2017-09-04 21:43:11.681 plugin-container[1438:61349] *** CFMessagePort: bootstrap_register(): failed 1100 (0x44c) 'Permission denied', port = 0xa603, name = 'com.apple.CFPasteboardClient'
See /usr/include/servers/bootstrap_defs.h for the error codes.
1504532591842	Marionette	INFO	Listening on port 50200
JavaScript error: chrome://marionette/content/server.js, line 337: NS_ERROR_SOCKET_ADDRESS_IN_USE: Component returned failure code: 0x804b0036 (NS_ERROR_SOCKET_ADDRESS_IN_USE) [nsIServerSocket.initSpecialConnection]
1504532591931	Marionette	WARN	TLS certificate errors will be ignored for this session
1504532591959	Marionette	DEBUG	loaded listener.js
1504532591970	Marionette	DEBUG	Received DOM event "beforeunload" for "about:blank"
1504532592655	Marionette	DEBUG	Received DOM event "pagehide" for "about:blank"
1504532592655	Marionette	DEBUG	Received DOM event "unload" for "about:blank"
1504532593193	Marionette	DEBUG	Received DOM event "DOMContentLoaded" for "https://www.python.org/"
1504532593314	Marionette	DEBUG	Received DOM event "pageshow" for "https://www.python.org/"
console.error: PushService: 
  Failed to drop expired registrations on idle
  UnknownError
